#
# There is insufficient memory for the Java Runtime Environment to continue.
# Native memory allocation (malloc) failed to allocate 1048576 bytes for AllocateHeap
# Possible reasons:
#   The system is out of physical RAM or swap space
#   In 32 bit mode, the process size limit was hit
# Possible solutions:
#   Reduce memory load on the system
#   Increase physical memory or swap space
#   Check if swap backing store is full
#   Use 64 bit Java on a 64 bit OS
#   Decrease Java heap size (-Xmx/-Xms)
#   Decrease number of Java threads
#   Decrease Java thread stack sizes (-Xss)
#   Set larger code cache with -XX:ReservedCodeCacheSize=
# This output file may be truncated or incomplete.
#
#  Out of Memory Error (memory/allocation.inline.hpp:61), pid=3380, tid=0x0000000000001a94
#
# JRE version:  (8.0_131-b11) (build )
# Java VM: Java HotSpot(TM) 64-Bit Server VM (25.131-b11 mixed mode windows-amd64 compressed oops)
# Failed to write core dump. Minidumps are not enabled by default on client versions of Windows
#

---------------  T H R E A D  ---------------

Current thread (0x0000000002d0e000):  JavaThread "Unknown thread" [_thread_in_vm, id=6804, stack(0x0000000002b70000,0x0000000002c70000)]

Stack: [0x0000000002b70000,0x0000000002c70000]
[error occurred during error reporting (printing stack bounds), id 0xc0000005]

Native frames: (J=compiled Java code, j=interpreted, Vv=VM code, C=native code)


---------------  P R O C E S S  ---------------

Java Threads: ( => current thread )

Other Threads:

=>0x0000000002d0e000 (exited) JavaThread "Unknown thread" [_thread_in_vm, id=6804, stack(0x0000000002b70000,0x0000000002c70000)]

VM state:not at safepoint (normal execution)

VM Mutex/Monitor currently owned by a thread: None

Heap:
 PSYoungGen      total 37888K, used 655K [0x00000000d6200000, 0x00000000d8c00000, 0x0000000100000000)
  eden space 32768K, 2% used [0x00000000d6200000,0x00000000d62a3d80,0x00000000d8200000)
  from space 5120K, 0% used [0x00000000d8700000,0x00000000d8700000,0x00000000d8c00000)
  to   space 5120K, 0% used [0x00000000d8200000,0x00000000d8200000,0x00000000d8700000)
 ParOldGen       total 86016K, used 0K [0x0000000082600000, 0x0000000087a00000, 0x00000000d6200000)
  object space 86016K, 0% used [0x0000000082600000,0x0000000082600000,0x0000000087a00000)
 Metaspace       used 770K, capacity 4480K, committed 4480K, reserved 1056768K
  class space    used 75K, capacity 384K, committed 384K, reserved 1048576K

Card table byte_map: [0x0000000012380000,0x0000000012770000] byte_map_base: 0x0000000011f6d000

Marking Bits: (ParMarkBitMap*) 0x000000006c62c720
 Begin Bits: [0x0000000013210000, 0x0000000015178000)
 End Bits:   [0x0000000015178000, 0x00000000170e0000)

Polling page: 0x00000000009d0000

CodeCache: size=245760Kb used=328Kb max_used=328Kb free=245431Kb
 bounds [0x0000000002fc0000, 0x0000000003230000, 0x0000000011fc0000]
 total_blobs=58 nmethods=0 adapters=38
 compilation: enabled

Compilation events (0 events):
No events

GC Heap History (0 events):
No events

Deoptimization events (0 events):
No events

Internal exceptions (0 events):
No events

Events (10 events):
Event: 0.056 loading class java/lang/Short
Event: 0.056 loading class java/lang/Short done
Event: 0.056 loading class java/lang/Integer
Event: 0.056 loading class java/lang/Integer done
Event: 0.056 loading class java/lang/Long
Event: 0.056 loading class java/lang/Long done
Event: 0.057 loading class java/lang/NullPointerException
Event: 0.057 loading class java/lang/NullPointerException done
Event: 0.057 loading class java/lang/ArithmeticException
Event: 0.057 loading class java/lang/ArithmeticException done


Dynamic libraries:
0x00007ff729eb0000 - 0x00007ff729ee7000 	E:\java\jdk1.8.0_131\bin\java.exe
0x00007ffad0cc0000 - 0x00007ffad0ead000 	C:\Windows\SYSTEM32\ntdll.dll
0x00007fface5a0000 - 0x00007fface653000 	C:\Windows\System32\KERNEL32.DLL
0x00007ffacd840000 - 0x00007ffacdad3000 	C:\Windows\System32\KERNELBASE.dll
0x00007ffacf480000 - 0x00007ffacf523000 	C:\Windows\System32\ADVAPI32.dll
0x00007ffacefb0000 - 0x00007ffacf04e000 	C:\Windows\System32\msvcrt.dll
0x00007fface6c0000 - 0x00007fface75e000 	C:\Windows\System32\sechost.dll
0x00007fface900000 - 0x00007ffacea22000 	C:\Windows\System32\RPCRT4.dll
0x00007ffacedf0000 - 0x00007ffacef87000 	C:\Windows\System32\USER32.dll
0x00007ffacde60000 - 0x00007ffacde80000 	C:\Windows\System32\win32u.dll
0x00007fface410000 - 0x00007fface439000 	C:\Windows\System32\GDI32.dll
0x00007ffacd5d0000 - 0x00007ffacd769000 	C:\Windows\System32\gdi32full.dll
0x00007ffacddc0000 - 0x00007ffacde60000 	C:\Windows\System32\msvcp_win.dll
0x00007ffaccd80000 - 0x00007ffacce7a000 	C:\Windows\System32\ucrtbase.dll
0x00007ffaba110000 - 0x00007ffaba389000 	C:\Windows\WinSxS\amd64_microsoft.windows.common-controls_6595b64144ccf1df_6.0.17763.1098_none_de762ed45346ee8a\COMCTL32.dll
0x00007ffacf050000 - 0x00007ffacf37c000 	C:\Windows\System32\combase.dll
0x00007ffacdd40000 - 0x00007ffacddbe000 	C:\Windows\System32\bcryptPrimitives.dll
0x00007fface760000 - 0x00007fface78e000 	C:\Windows\System32\IMM32.DLL
0x000000006c6b0000 - 0x000000006c782000 	E:\java\jdk1.8.0_131\jre\bin\msvcr100.dll
0x000000006be10000 - 0x000000006c6ac000 	E:\java\jdk1.8.0_131\jre\bin\server\jvm.dll
0x00007ffacf380000 - 0x00007ffacf388000 	C:\Windows\System32\PSAPI.DLL
0x00007ffac7f90000 - 0x00007ffac7f9a000 	C:\Windows\SYSTEM32\VERSION.dll
0x00007ffac8850000 - 0x00007ffac8859000 	C:\Windows\SYSTEM32\WSOCK32.dll
0x00007ffac9cb0000 - 0x00007ffac9cd4000 	C:\Windows\SYSTEM32\WINMM.dll
0x00007ffacf390000 - 0x00007ffacf3fd000 	C:\Windows\System32\WS2_32.dll
0x00007ffac9c80000 - 0x00007ffac9cad000 	C:\Windows\SYSTEM32\WINMMBASE.dll
0x00007ffacdcc0000 - 0x00007ffacdd0a000 	C:\Windows\System32\cfgmgr32.dll
0x000000006be00000 - 0x000000006be0f000 	E:\java\jdk1.8.0_131\jre\bin\verify.dll
0x000000006bdd0000 - 0x000000006bdf9000 	E:\java\jdk1.8.0_131\jre\bin\java.dll
0x000000006bd80000 - 0x000000006bda3000 	E:\java\jdk1.8.0_131\jre\bin\instrument.dll
0x000000006bdb0000 - 0x000000006bdc6000 	E:\java\jdk1.8.0_131\jre\bin\zip.dll

VM Arguments:
jvm_args: -ea -Didea.test.cyclic.buffer.size=1048576 -javaagent:E:\java\Intellij_Idea\IntelliJ IDEA 2019.1.4\lib\idea_rt.jar=2081:E:\java\Intellij_Idea\IntelliJ IDEA 2019.1.4\bin -Dfile.encoding=UTF-8 
java_command: com.intellij.rt.execution.junit.JUnitStarter -ideVersion5 @w@C:\Users\lzc\AppData\Local\Temp\idea_working_dirs_junit.tmp @C:\Users\lzc\AppData\Local\Temp\idea_junit.tmp -socket2080
java_class_path (initial): E:\java\Intellij_Idea\IntelliJ IDEA 2019.1.4\lib\idea_rt.jar;E:\java\Intellij_Idea\IntelliJ IDEA 2019.1.4\plugins\junit\lib\junit-rt.jar;E:\java\Intellij_Idea\IntelliJ IDEA 2019.1.4\plugins\junit\lib\junit5-rt.jar;E:\java\jdk1.8.0_131\jre\lib\charsets.jar;E:\java\jdk1.8.0_131\jre\lib\deploy.jar;E:\java\jdk1.8.0_131\jre\lib\ext\access-bridge-64.jar;E:\java\jdk1.8.0_131\jre\lib\ext\cldrdata.jar;E:\java\jdk1.8.0_131\jre\lib\ext\dnsns.jar;E:\java\jdk1.8.0_131\jre\lib\ext\jaccess.jar;E:\java\jdk1.8.0_131\jre\lib\ext\jfxrt.jar;E:\java\jdk1.8.0_131\jre\lib\ext\localedata.jar;E:\java\jdk1.8.0_131\jre\lib\ext\nashorn.jar;E:\java\jdk1.8.0_131\jre\lib\ext\sunec.jar;E:\java\jdk1.8.0_131\jre\lib\ext\sunjce_provider.jar;E:\java\jdk1.8.0_131\jre\lib\ext\sunmscapi.jar;E:\java\jdk1.8.0_131\jre\lib\ext\sunpkcs11.jar;E:\java\jdk1.8.0_131\jre\lib\ext\zipfs.jar;E:\java\jdk1.8.0_131\jre\lib\javaws.jar;E:\java\jdk1.8.0_131\jre\lib\jce.jar;E:\java\jdk1.8.0_131\jre\lib\jfr.jar;E:\java\jdk1.8.0_131\jre\lib\jfxswt.jar;E:\java\jdk1.8.0_131\jre\lib\jsse.jar;E:\java\jdk1.8.0_131\jre\lib\management-agent.jar;E:\java\jdk1.8.0_131\jre\lib\plugin.jar;E:\java\jdk1.8.0_131\jre\lib\resources.jar;E:\java\jdk1.8.0_131\jre\lib\rt.jar;E:\java\Intellij_Idea\Algorithm\out\production\Algorithm;C:\Users\lzc\.m2\movie_tube_repo\junit\junit\4.12\junit-4.12.jar;C:\Users\lzc\.m2\movie_tube_repo\org\hamcrest\hamcrest-core\1.3\hamcrest-core-1.3.jar;E:\java\Intellij_Idea\IntelliJ IDEA 2019.1.4\lib\idea_rt.jar
Launcher Type: SUN_STANDARD

Environment Variables:
JAVA_HOME=E:\java\jdk1.8.0_131
PATH=E:\java\Intellij_Idea\IntelliJ IDEA 2019.1.4\jre64\\bin;E:\java\Intellij_Idea\IntelliJ IDEA 2019.1.4\jre64\\bin\server;E:\python\Scripts\;E:\python\;C:\Program Files (x86)\Common Files\Oracle\Java\javapath;D:\chase_it\NetSarang\Xshell 6\;C:\ProgramData\Oracle\Java\javapath;C:\Windows\system32;C:\Windows;C:\Windows\System32\Wbem;C:\Windows\System32\WindowsPowerShell\v1.0\;C:\Windows\System32\OpenSSH\;C:\Program Files\Intel\WiFi\bin\;C:\Program Files\Common Files\Intel\WirelessCommon\;C:\Program Files (x86)\NVIDIA Corporation\PhysX\Common;C:\Program Files\NVIDIA Corporation\NVIDIA NvDLISR;E:\java)\MySQL\MySQL Server 5.5\bin;E:\develop_tool\Git\cmd;E:\develop_tool\nodejs\;C:\Users\lzc\AppData\Local\Microsoft\WindowsApps;D:\Èí¼þ\;E:\java\jdk1.8.0_131\bin;E:\java\jdk1.8.0_131;E:\develop_tool\PyCharm 2019.2.4\bin;;E:/java/Intellij_Idea/IntelliJ IDEA 2019.1.4/plugins/maven/lib/maven3\bin;C:\Users\lzc\AppData\Roaming\npm
USERNAME=lzc
OS=Windows_NT
PROCESSOR_IDENTIFIER=Intel64 Family 6 Model 142 Stepping 12, GenuineIntel



---------------  S Y S T E M  ---------------

OS: Windows 10.0 , 64 bit Build 17763 (10.0.17763.475)

CPU:total 8 (initial active 8) (4 cores per cpu, 2 threads per core) family 6 model 142 stepping 12, cmov, cx8, fxsr, mmx, sse, sse2, sse3, ssse3, sse4.1, sse4.2, popcnt, avx, avx2, aes, clmul, erms, 3dnowpref, lzcnt, ht, tsc, tscinvbit, bmi1, bmi2, adx

Memory: 4k page, physical 8230644k(586452k free), swap 33396468k(5536k free)

vm_info: Java HotSpot(TM) 64-Bit Server VM (25.131-b11) for windows-amd64 JRE (1.8.0_131-b11), built on Mar 15 2017 01:23:53 by "java_re" with MS VC++ 10.0 (VS2010)

time: Fri Apr 10 19:16:07 2020
elapsed time: 0 seconds (0d 0h 0m 0s)

